2016-05-12 15:51:51,407 INFO  App:18 - app launch.
2016-05-12 15:51:51,585 INFO  MLog:80 - MLog clients using log4j logging.
2016-05-12 15:51:52,625 INFO  C3P0Registry:204 - Initializing c3p0-0.9.1.2 [built 21-May-2007 15:04:56; debug? true; trace: 10]
2016-05-12 15:51:52,929 INFO  AbstractPoolBackedDataSource:462 - Initializing c3p0 pool... com.mchange.v2.c3p0.ComboPooledDataSource [ acquireIncrement -> 3, acquireRetryAttempts -> 30, acquireRetryDelay -> 1000, autoCommitOnClose -> false, automaticTestTable -> null, breakAfterAcquireFailure -> false, checkoutTimeout -> 0, connectionCustomizerClassName -> null, connectionTesterClassName -> com.mchange.v2.c3p0.impl.DefaultConnectionTester, dataSourceName -> 1hgeiv59g19hnkmamnc0d5|320068, debugUnreturnedConnectionStackTraces -> false, description -> null, driverClass -> org.postgresql.Driver, factoryClassLocation -> null, forceIgnoreUnresolvedTransactions -> false, identityToken -> 1hgeiv59g19hnkmamnc0d5|320068, idleConnectionTestPeriod -> 0, initialPoolSize -> 3, jdbcUrl -> jdbc:postgresql://192.168.95.129:5432/osm, maxAdministrativeTaskTime -> 0, maxConnectionAge -> 0, maxIdleTime -> 0, maxIdleTimeExcessConnections -> 0, maxPoolSize -> 15, maxStatements -> 0, maxStatementsPerConnection -> 0, minPoolSize -> 3, numHelperThreads -> 3, numThreadsAwaitingCheckoutDefaultUser -> 0, preferredTestQuery -> null, properties -> {user=******, password=******}, propertyCycle -> 0, testConnectionOnCheckin -> false, testConnectionOnCheckout -> false, unreturnedConnectionTimeout -> 0, usesTraditionalReflectiveProxies -> false ]
2016-05-12 15:52:19,005 INFO  App:18 - app launch.
2016-05-12 15:52:19,064 INFO  MLog:80 - MLog clients using log4j logging.
2016-05-12 15:52:19,530 INFO  C3P0Registry:204 - Initializing c3p0-0.9.1.2 [built 21-May-2007 15:04:56; debug? true; trace: 10]
2016-05-12 15:52:19,694 INFO  AbstractPoolBackedDataSource:462 - Initializing c3p0 pool... com.mchange.v2.c3p0.ComboPooledDataSource [ acquireIncrement -> 3, acquireRetryAttempts -> 30, acquireRetryDelay -> 1000, autoCommitOnClose -> false, automaticTestTable -> null, breakAfterAcquireFailure -> false, checkoutTimeout -> 0, connectionCustomizerClassName -> null, connectionTesterClassName -> com.mchange.v2.c3p0.impl.DefaultConnectionTester, dataSourceName -> 1hgeiv59g19ho5oq166uyr9|320068, debugUnreturnedConnectionStackTraces -> false, description -> null, driverClass -> org.postgresql.Driver, factoryClassLocation -> null, forceIgnoreUnresolvedTransactions -> false, identityToken -> 1hgeiv59g19ho5oq166uyr9|320068, idleConnectionTestPeriod -> 0, initialPoolSize -> 3, jdbcUrl -> jdbc:postgresql://192.168.95.129:5432/osm, maxAdministrativeTaskTime -> 0, maxConnectionAge -> 0, maxIdleTime -> 0, maxIdleTimeExcessConnections -> 0, maxPoolSize -> 15, maxStatements -> 0, maxStatementsPerConnection -> 0, minPoolSize -> 3, numHelperThreads -> 3, numThreadsAwaitingCheckoutDefaultUser -> 0, preferredTestQuery -> null, properties -> {user=******, password=******}, propertyCycle -> 0, testConnectionOnCheckin -> false, testConnectionOnCheckout -> false, unreturnedConnectionTimeout -> 0, usesTraditionalReflectiveProxies -> false ]
2016-05-12 15:53:10,348 INFO  App:18 - app launch.
2016-05-12 15:53:10,403 INFO  MLog:80 - MLog clients using log4j logging.
2016-05-12 15:53:10,858 INFO  C3P0Registry:204 - Initializing c3p0-0.9.1.2 [built 21-May-2007 15:04:56; debug? true; trace: 10]
2016-05-12 15:53:11,011 INFO  AbstractPoolBackedDataSource:462 - Initializing c3p0 pool... com.mchange.v2.c3p0.ComboPooledDataSource [ acquireIncrement -> 3, acquireRetryAttempts -> 30, acquireRetryDelay -> 1000, autoCommitOnClose -> false, automaticTestTable -> null, breakAfterAcquireFailure -> false, checkoutTimeout -> 0, connectionCustomizerClassName -> null, connectionTesterClassName -> com.mchange.v2.c3p0.impl.DefaultConnectionTester, dataSourceName -> 1hgeiv59g19hp9au1lbrbdy|320068, debugUnreturnedConnectionStackTraces -> false, description -> null, driverClass -> org.postgresql.Driver, factoryClassLocation -> null, forceIgnoreUnresolvedTransactions -> false, identityToken -> 1hgeiv59g19hp9au1lbrbdy|320068, idleConnectionTestPeriod -> 0, initialPoolSize -> 3, jdbcUrl -> jdbc:postgresql://192.168.91.129:5432/osm, maxAdministrativeTaskTime -> 0, maxConnectionAge -> 0, maxIdleTime -> 0, maxIdleTimeExcessConnections -> 0, maxPoolSize -> 15, maxStatements -> 0, maxStatementsPerConnection -> 0, minPoolSize -> 3, numHelperThreads -> 3, numThreadsAwaitingCheckoutDefaultUser -> 0, preferredTestQuery -> null, properties -> {user=******, password=******}, propertyCycle -> 0, testConnectionOnCheckin -> false, testConnectionOnCheckout -> false, unreturnedConnectionTimeout -> 0, usesTraditionalReflectiveProxies -> false ]
2016-05-12 15:53:11,387 INFO  OSMHandler:125 - start processing.
2016-05-12 16:26:12,199 INFO  OSMHandler:130 - complete processing.
2016-05-12 18:18:49,040 INFO  App:22 - app launch.
2016-05-12 18:18:49,045 INFO  App:32 - calculate bounding box... 
2016-05-12 18:18:49,046 INFO  BoundingBoxCalculator:15 - start calculating...
2016-05-12 18:18:49,102 INFO  MLog:80 - MLog clients using log4j logging.
2016-05-12 18:18:49,535 INFO  C3P0Registry:204 - Initializing c3p0-0.9.1.2 [built 21-May-2007 15:04:56; debug? true; trace: 10]
2016-05-12 18:18:49,818 INFO  AbstractPoolBackedDataSource:462 - Initializing c3p0 pool... com.mchange.v2.c3p0.ComboPooledDataSource [ acquireIncrement -> 3, acquireRetryAttempts -> 30, acquireRetryDelay -> 1000, autoCommitOnClose -> false, automaticTestTable -> null, breakAfterAcquireFailure -> false, checkoutTimeout -> 0, connectionCustomizerClassName -> null, connectionTesterClassName -> com.mchange.v2.c3p0.impl.DefaultConnectionTester, dataSourceName -> 1hgeiv59g19mwk4hwk0d5x|4a52ec, debugUnreturnedConnectionStackTraces -> false, description -> null, driverClass -> org.postgresql.Driver, factoryClassLocation -> null, forceIgnoreUnresolvedTransactions -> false, identityToken -> 1hgeiv59g19mwk4hwk0d5x|4a52ec, idleConnectionTestPeriod -> 0, initialPoolSize -> 3, jdbcUrl -> jdbc:postgresql://192.168.91.129:5432/osm, maxAdministrativeTaskTime -> 0, maxConnectionAge -> 0, maxIdleTime -> 0, maxIdleTimeExcessConnections -> 0, maxPoolSize -> 15, maxStatements -> 0, maxStatementsPerConnection -> 0, minPoolSize -> 3, numHelperThreads -> 3, numThreadsAwaitingCheckoutDefaultUser -> 0, preferredTestQuery -> null, properties -> {user=******, password=******}, propertyCycle -> 0, testConnectionOnCheckin -> false, testConnectionOnCheckout -> false, unreturnedConnectionTimeout -> 0, usesTraditionalReflectiveProxies -> false ]
2016-05-12 18:19:13,777 INFO  BoundingBoxCalculator:20 - done calculation.
2016-05-12 18:19:41,792 INFO  App:22 - app launch.
2016-05-12 18:19:41,797 INFO  App:32 - calculate bounding box... 
2016-05-12 18:19:41,799 INFO  BoundingBoxCalculator:15 - start calculating...
2016-05-12 18:19:41,855 INFO  MLog:80 - MLog clients using log4j logging.
2016-05-12 18:19:42,274 INFO  C3P0Registry:204 - Initializing c3p0-0.9.1.2 [built 21-May-2007 15:04:56; debug? true; trace: 10]
2016-05-12 18:19:42,568 INFO  AbstractPoolBackedDataSource:462 - Initializing c3p0 pool... com.mchange.v2.c3p0.ComboPooledDataSource [ acquireIncrement -> 3, acquireRetryAttempts -> 30, acquireRetryDelay -> 1000, autoCommitOnClose -> false, automaticTestTable -> null, breakAfterAcquireFailure -> false, checkoutTimeout -> 0, connectionCustomizerClassName -> null, connectionTesterClassName -> com.mchange.v2.c3p0.impl.DefaultConnectionTester, dataSourceName -> 1hgeiv59g19mxotl15gjm0f|4a52ec, debugUnreturnedConnectionStackTraces -> false, description -> null, driverClass -> org.postgresql.Driver, factoryClassLocation -> null, forceIgnoreUnresolvedTransactions -> false, identityToken -> 1hgeiv59g19mxotl15gjm0f|4a52ec, idleConnectionTestPeriod -> 0, initialPoolSize -> 3, jdbcUrl -> jdbc:postgresql://192.168.91.129:5432/osm, maxAdministrativeTaskTime -> 0, maxConnectionAge -> 0, maxIdleTime -> 0, maxIdleTimeExcessConnections -> 0, maxPoolSize -> 15, maxStatements -> 0, maxStatementsPerConnection -> 0, minPoolSize -> 3, numHelperThreads -> 3, numThreadsAwaitingCheckoutDefaultUser -> 0, preferredTestQuery -> null, properties -> {user=******, password=******}, propertyCycle -> 0, testConnectionOnCheckin -> false, testConnectionOnCheckout -> false, unreturnedConnectionTimeout -> 0, usesTraditionalReflectiveProxies -> false ]
2016-05-12 18:20:35,632 INFO  BoundingBoxCalculator:20 - done calculation.
2016-05-12 18:22:59,724 INFO  App:22 - app launch.
2016-05-12 18:22:59,737 INFO  App:32 - calculate bounding box... 
2016-05-12 18:22:59,740 INFO  BoundingBoxCalculator:15 - start calculating...
2016-05-12 18:22:59,808 INFO  MLog:80 - MLog clients using log4j logging.
2016-05-12 18:23:00,212 INFO  C3P0Registry:204 - Initializing c3p0-0.9.1.2 [built 21-May-2007 15:04:56; debug? true; trace: 10]
2016-05-12 18:23:00,497 INFO  AbstractPoolBackedDataSource:462 - Initializing c3p0 pool... com.mchange.v2.c3p0.ComboPooledDataSource [ acquireIncrement -> 3, acquireRetryAttempts -> 30, acquireRetryDelay -> 1000, autoCommitOnClose -> false, automaticTestTable -> null, breakAfterAcquireFailure -> false, checkoutTimeout -> 0, connectionCustomizerClassName -> null, connectionTesterClassName -> com.mchange.v2.c3p0.impl.DefaultConnectionTester, dataSourceName -> 1hgeiv59g19n1xk6sybbo6|4a52ec, debugUnreturnedConnectionStackTraces -> false, description -> null, driverClass -> org.postgresql.Driver, factoryClassLocation -> null, forceIgnoreUnresolvedTransactions -> false, identityToken -> 1hgeiv59g19n1xk6sybbo6|4a52ec, idleConnectionTestPeriod -> 0, initialPoolSize -> 3, jdbcUrl -> jdbc:postgresql://192.168.91.129:5432/osm, maxAdministrativeTaskTime -> 0, maxConnectionAge -> 0, maxIdleTime -> 0, maxIdleTimeExcessConnections -> 0, maxPoolSize -> 15, maxStatements -> 0, maxStatementsPerConnection -> 0, minPoolSize -> 3, numHelperThreads -> 3, numThreadsAwaitingCheckoutDefaultUser -> 0, preferredTestQuery -> null, properties -> {user=******, password=******}, propertyCycle -> 0, testConnectionOnCheckin -> false, testConnectionOnCheckout -> false, unreturnedConnectionTimeout -> 0, usesTraditionalReflectiveProxies -> false ]
2016-05-12 18:23:40,871 INFO  BoundingBoxCalculator:20 - done calculation.
2016-05-12 18:24:29,820 INFO  App:22 - app launch.
2016-05-12 18:24:29,825 INFO  App:32 - calculate bounding box... 
2016-05-12 18:24:29,826 INFO  BoundingBoxCalculator:15 - start calculating...
2016-05-12 18:24:29,900 INFO  MLog:80 - MLog clients using log4j logging.
2016-05-12 18:24:30,285 INFO  C3P0Registry:204 - Initializing c3p0-0.9.1.2 [built 21-May-2007 15:04:56; debug? true; trace: 10]
2016-05-12 18:24:30,553 INFO  AbstractPoolBackedDataSource:462 - Initializing c3p0 pool... com.mchange.v2.c3p0.ComboPooledDataSource [ acquireIncrement -> 3, acquireRetryAttempts -> 30, acquireRetryDelay -> 1000, autoCommitOnClose -> false, automaticTestTable -> null, breakAfterAcquireFailure -> false, checkoutTimeout -> 0, connectionCustomizerClassName -> null, connectionTesterClassName -> com.mchange.v2.c3p0.impl.DefaultConnectionTester, dataSourceName -> 1hge19u9g19n3v2t1tuarok|4a52ec, debugUnreturnedConnectionStackTraces -> false, description -> null, driverClass -> org.postgresql.Driver, factoryClassLocation -> null, forceIgnoreUnresolvedTransactions -> false, identityToken -> 1hge19u9g19n3v2t1tuarok|4a52ec, idleConnectionTestPeriod -> 0, initialPoolSize -> 3, jdbcUrl -> jdbc:postgresql://192.168.91.129:5432/osm, maxAdministrativeTaskTime -> 0, maxConnectionAge -> 0, maxIdleTime -> 0, maxIdleTimeExcessConnections -> 0, maxPoolSize -> 15, maxStatements -> 0, maxStatementsPerConnection -> 0, minPoolSize -> 3, numHelperThreads -> 3, numThreadsAwaitingCheckoutDefaultUser -> 0, preferredTestQuery -> null, properties -> {user=******, password=******}, propertyCycle -> 0, testConnectionOnCheckin -> false, testConnectionOnCheckout -> false, unreturnedConnectionTimeout -> 0, usesTraditionalReflectiveProxies -> false ]
2016-05-12 18:24:41,024 INFO  BoundingBoxCalculator:20 - done calculation.
2016-05-12 18:25:00,708 INFO  App:22 - app launch.
2016-05-12 18:25:00,713 INFO  App:32 - calculate bounding box... 
2016-05-12 18:25:00,714 INFO  BoundingBoxCalculator:15 - start calculating...
2016-05-12 18:25:00,779 INFO  MLog:80 - MLog clients using log4j logging.
2016-05-12 18:25:01,175 INFO  C3P0Registry:204 - Initializing c3p0-0.9.1.2 [built 21-May-2007 15:04:56; debug? true; trace: 10]
2016-05-12 18:25:01,466 INFO  AbstractPoolBackedDataSource:462 - Initializing c3p0 pool... com.mchange.v2.c3p0.ComboPooledDataSource [ acquireIncrement -> 3, acquireRetryAttempts -> 30, acquireRetryDelay -> 1000, autoCommitOnClose -> false, automaticTestTable -> null, breakAfterAcquireFailure -> false, checkoutTimeout -> 0, connectionCustomizerClassName -> null, connectionTesterClassName -> com.mchange.v2.c3p0.impl.DefaultConnectionTester, dataSourceName -> 1hgeiv59g19n4iwo1pe47of|4a52ec, debugUnreturnedConnectionStackTraces -> false, description -> null, driverClass -> org.postgresql.Driver, factoryClassLocation -> null, forceIgnoreUnresolvedTransactions -> false, identityToken -> 1hgeiv59g19n4iwo1pe47of|4a52ec, idleConnectionTestPeriod -> 0, initialPoolSize -> 3, jdbcUrl -> jdbc:postgresql://192.168.91.129:5432/osm, maxAdministrativeTaskTime -> 0, maxConnectionAge -> 0, maxIdleTime -> 0, maxIdleTimeExcessConnections -> 0, maxPoolSize -> 15, maxStatements -> 0, maxStatementsPerConnection -> 0, minPoolSize -> 3, numHelperThreads -> 3, numThreadsAwaitingCheckoutDefaultUser -> 0, preferredTestQuery -> null, properties -> {user=******, password=******}, propertyCycle -> 0, testConnectionOnCheckin -> false, testConnectionOnCheckout -> false, unreturnedConnectionTimeout -> 0, usesTraditionalReflectiveProxies -> false ]
2016-05-12 18:25:02,695 INFO  BoundingBoxCalculator:20 - done calculation.
2016-05-12 18:25:13,462 INFO  App:22 - app launch.
2016-05-12 18:25:13,478 INFO  App:32 - calculate bounding box... 
2016-05-12 18:25:13,483 INFO  BoundingBoxCalculator:15 - start calculating...
2016-05-12 18:25:13,543 INFO  MLog:80 - MLog clients using log4j logging.
2016-05-12 18:25:13,928 INFO  C3P0Registry:204 - Initializing c3p0-0.9.1.2 [built 21-May-2007 15:04:56; debug? true; trace: 10]
2016-05-12 18:25:14,182 INFO  AbstractPoolBackedDataSource:462 - Initializing c3p0 pool... com.mchange.v2.c3p0.ComboPooledDataSource [ acquireIncrement -> 3, acquireRetryAttempts -> 30, acquireRetryDelay -> 1000, autoCommitOnClose -> false, automaticTestTable -> null, breakAfterAcquireFailure -> false, checkoutTimeout -> 0, connectionCustomizerClassName -> null, connectionTesterClassName -> com.mchange.v2.c3p0.impl.DefaultConnectionTester, dataSourceName -> 1hgeiv59g19n4sqx7229h|4a52ec, debugUnreturnedConnectionStackTraces -> false, description -> null, driverClass -> org.postgresql.Driver, factoryClassLocation -> null, forceIgnoreUnresolvedTransactions -> false, identityToken -> 1hgeiv59g19n4sqx7229h|4a52ec, idleConnectionTestPeriod -> 0, initialPoolSize -> 3, jdbcUrl -> jdbc:postgresql://192.168.91.129:5432/osm, maxAdministrativeTaskTime -> 0, maxConnectionAge -> 0, maxIdleTime -> 0, maxIdleTimeExcessConnections -> 0, maxPoolSize -> 15, maxStatements -> 0, maxStatementsPerConnection -> 0, minPoolSize -> 3, numHelperThreads -> 3, numThreadsAwaitingCheckoutDefaultUser -> 0, preferredTestQuery -> null, properties -> {user=******, password=******}, propertyCycle -> 0, testConnectionOnCheckin -> false, testConnectionOnCheckout -> false, unreturnedConnectionTimeout -> 0, usesTraditionalReflectiveProxies -> false ]
2016-05-12 18:25:42,802 INFO  BoundingBoxCalculator:20 - done calculation.
2016-05-12 18:52:10,916 INFO  App:22 - app launch.
2016-05-12 18:52:15,007 INFO  App:32 - calculate bounding box... 
2016-05-12 18:52:21,039 INFO  BoundingBoxCalculator:44 - start calculating...
2016-05-12 18:52:26,848 INFO  MLog:80 - MLog clients using log4j logging.
2016-05-12 18:52:27,655 INFO  C3P0Registry:204 - Initializing c3p0-0.9.1.2 [built 21-May-2007 15:04:56; debug? true; trace: 10]
2016-05-12 18:52:28,237 INFO  AbstractPoolBackedDataSource:462 - Initializing c3p0 pool... com.mchange.v2.c3p0.ComboPooledDataSource [ acquireIncrement -> 3, acquireRetryAttempts -> 30, acquireRetryDelay -> 1000, autoCommitOnClose -> false, automaticTestTable -> null, breakAfterAcquireFailure -> false, checkoutTimeout -> 0, connectionCustomizerClassName -> null, connectionTesterClassName -> com.mchange.v2.c3p0.impl.DefaultConnectionTester, dataSourceName -> 1hgeiv59g19o3t4411onucb|4a52ec, debugUnreturnedConnectionStackTraces -> false, description -> null, driverClass -> org.postgresql.Driver, factoryClassLocation -> null, forceIgnoreUnresolvedTransactions -> false, identityToken -> 1hgeiv59g19o3t4411onucb|4a52ec, idleConnectionTestPeriod -> 0, initialPoolSize -> 3, jdbcUrl -> jdbc:postgresql://192.168.91.129:5432/osm, maxAdministrativeTaskTime -> 0, maxConnectionAge -> 0, maxIdleTime -> 0, maxIdleTimeExcessConnections -> 0, maxPoolSize -> 15, maxStatements -> 0, maxStatementsPerConnection -> 0, minPoolSize -> 3, numHelperThreads -> 3, numThreadsAwaitingCheckoutDefaultUser -> 0, preferredTestQuery -> null, properties -> {user=******, password=******}, propertyCycle -> 0, testConnectionOnCheckin -> false, testConnectionOnCheckout -> false, unreturnedConnectionTimeout -> 0, usesTraditionalReflectiveProxies -> false ]
2016-05-12 18:55:15,084 INFO  BoundingBoxCalculator:58 - done calculation.
2016-05-12 21:12:38,029 INFO  App:22 - app launch.
2016-05-12 21:12:38,040 INFO  App:32 - calculate bounding box... 
2016-05-12 21:12:38,064 INFO  BoundingBoxCalculator:44 - start calculating...
2016-05-12 21:12:38,139 INFO  MLog:80 - MLog clients using log4j logging.
2016-05-12 21:12:38,537 INFO  C3P0Registry:204 - Initializing c3p0-0.9.1.2 [built 21-May-2007 15:04:56; debug? true; trace: 10]
2016-05-12 21:12:38,674 INFO  AbstractPoolBackedDataSource:462 - Initializing c3p0 pool... com.mchange.v2.c3p0.ComboPooledDataSource [ acquireIncrement -> 3, acquireRetryAttempts -> 30, acquireRetryDelay -> 1000, autoCommitOnClose -> false, automaticTestTable -> null, breakAfterAcquireFailure -> false, checkoutTimeout -> 0, connectionCustomizerClassName -> null, connectionTesterClassName -> com.mchange.v2.c3p0.impl.DefaultConnectionTester, dataSourceName -> 1hgeiv59g19t437r1qqy6q|4a52ec, debugUnreturnedConnectionStackTraces -> false, description -> null, driverClass -> org.postgresql.Driver, factoryClassLocation -> null, forceIgnoreUnresolvedTransactions -> false, identityToken -> 1hgeiv59g19t437r1qqy6q|4a52ec, idleConnectionTestPeriod -> 0, initialPoolSize -> 3, jdbcUrl -> jdbc:postgresql://192.168.91.129:5432/osm, maxAdministrativeTaskTime -> 0, maxConnectionAge -> 0, maxIdleTime -> 0, maxIdleTimeExcessConnections -> 0, maxPoolSize -> 15, maxStatements -> 0, maxStatementsPerConnection -> 0, minPoolSize -> 3, numHelperThreads -> 3, numThreadsAwaitingCheckoutDefaultUser -> 0, preferredTestQuery -> null, properties -> {user=******, password=******}, propertyCycle -> 0, testConnectionOnCheckin -> false, testConnectionOnCheckout -> false, unreturnedConnectionTimeout -> 0, usesTraditionalReflectiveProxies -> false ]
2016-05-12 21:13:30,790 INFO  BoundingBoxCalculator:58 - done calculation.
2016-05-12 21:15:42,869 INFO  App:22 - app launch.
2016-05-12 21:15:42,874 INFO  App:32 - calculate bounding box... 
2016-05-12 21:15:42,876 INFO  BoundingBoxCalculator:44 - start calculating...
2016-05-12 21:15:42,924 INFO  MLog:80 - MLog clients using log4j logging.
2016-05-12 21:15:43,312 INFO  C3P0Registry:204 - Initializing c3p0-0.9.1.2 [built 21-May-2007 15:04:56; debug? true; trace: 10]
2016-05-12 21:15:43,446 INFO  AbstractPoolBackedDataSource:462 - Initializing c3p0 pool... com.mchange.v2.c3p0.ComboPooledDataSource [ acquireIncrement -> 3, acquireRetryAttempts -> 30, acquireRetryDelay -> 1000, autoCommitOnClose -> false, automaticTestTable -> null, breakAfterAcquireFailure -> false, checkoutTimeout -> 0, connectionCustomizerClassName -> null, connectionTesterClassName -> com.mchange.v2.c3p0.impl.DefaultConnectionTester, dataSourceName -> 1hgeiv59g19t81sg15lusvv|4a52ec, debugUnreturnedConnectionStackTraces -> false, description -> null, driverClass -> org.postgresql.Driver, factoryClassLocation -> null, forceIgnoreUnresolvedTransactions -> false, identityToken -> 1hgeiv59g19t81sg15lusvv|4a52ec, idleConnectionTestPeriod -> 0, initialPoolSize -> 3, jdbcUrl -> jdbc:postgresql://192.168.91.129:5432/osm, maxAdministrativeTaskTime -> 0, maxConnectionAge -> 0, maxIdleTime -> 0, maxIdleTimeExcessConnections -> 0, maxPoolSize -> 15, maxStatements -> 0, maxStatementsPerConnection -> 0, minPoolSize -> 3, numHelperThreads -> 3, numThreadsAwaitingCheckoutDefaultUser -> 0, preferredTestQuery -> null, properties -> {user=******, password=******}, propertyCycle -> 0, testConnectionOnCheckin -> false, testConnectionOnCheckout -> false, unreturnedConnectionTimeout -> 0, usesTraditionalReflectiveProxies -> false ]
2016-05-12 21:16:10,387 INFO  BoundingBoxCalculator:58 - done calculation.
2016-05-12 21:33:15,035 INFO  App:22 - app launch.
2016-05-12 21:33:15,040 INFO  App:32 - calculate bounding box... 
2016-05-12 21:33:15,046 INFO  BoundingBoxCalculator:44 - start calculating...
2016-05-12 21:33:15,047 INFO  BoundingBoxCalculator:46 - calculating relation bounding box...
2016-05-12 21:33:15,094 INFO  MLog:80 - MLog clients using log4j logging.
2016-05-12 21:33:15,487 INFO  C3P0Registry:204 - Initializing c3p0-0.9.1.2 [built 21-May-2007 15:04:56; debug? true; trace: 10]
2016-05-12 21:33:15,638 INFO  AbstractPoolBackedDataSource:462 - Initializing c3p0 pool... com.mchange.v2.c3p0.ComboPooledDataSource [ acquireIncrement -> 3, acquireRetryAttempts -> 30, acquireRetryDelay -> 1000, autoCommitOnClose -> false, automaticTestTable -> null, breakAfterAcquireFailure -> false, checkoutTimeout -> 0, connectionCustomizerClassName -> null, connectionTesterClassName -> com.mchange.v2.c3p0.impl.DefaultConnectionTester, dataSourceName -> 1hgeiv59g19tulnc1gcurld|4a52ec, debugUnreturnedConnectionStackTraces -> false, description -> null, driverClass -> org.postgresql.Driver, factoryClassLocation -> null, forceIgnoreUnresolvedTransactions -> false, identityToken -> 1hgeiv59g19tulnc1gcurld|4a52ec, idleConnectionTestPeriod -> 0, initialPoolSize -> 3, jdbcUrl -> jdbc:postgresql://192.168.91.129:5432/osm, maxAdministrativeTaskTime -> 0, maxConnectionAge -> 0, maxIdleTime -> 0, maxIdleTimeExcessConnections -> 0, maxPoolSize -> 15, maxStatements -> 0, maxStatementsPerConnection -> 0, minPoolSize -> 3, numHelperThreads -> 3, numThreadsAwaitingCheckoutDefaultUser -> 0, preferredTestQuery -> null, properties -> {user=******, password=******}, propertyCycle -> 0, testConnectionOnCheckin -> false, testConnectionOnCheckout -> false, unreturnedConnectionTimeout -> 0, usesTraditionalReflectiveProxies -> false ]
2016-05-12 21:33:42,629 INFO  BoundingBoxCalculator:58 - calculate relation bounding box completed.
2016-05-12 21:33:47,929 INFO  BoundingBoxCalculator:60 - calculating way bounding box...
2016-05-12 21:33:48,115 ERROR BoundingBoxCalculator:69 - failed to save bounding box of way_ref=4231222
2016-05-12 21:33:48,127 ERROR BoundingBoxCalculator:69 - failed to save bounding box of way_ref=4231223
2016-05-12 21:33:48,190 ERROR BoundingBoxCalculator:69 - failed to save bounding box of way_ref=4263917
2016-05-12 21:33:48,197 ERROR BoundingBoxCalculator:69 - failed to save bounding box of way_ref=4263918
2016-05-12 21:33:48,205 ERROR BoundingBoxCalculator:69 - failed to save bounding box of way_ref=4484480
2016-05-12 21:33:48,213 ERROR BoundingBoxCalculator:69 - failed to save bounding box of way_ref=4484630
2016-05-12 21:33:48,287 ERROR BoundingBoxCalculator:69 - failed to save bounding box of way_ref=4493469
2016-05-12 21:33:48,299 ERROR BoundingBoxCalculator:69 - failed to save bounding box of way_ref=4822336
2016-05-12 21:33:48,327 ERROR BoundingBoxCalculator:69 - failed to save bounding box of way_ref=4822342
2016-05-12 21:33:48,374 ERROR BoundingBoxCalculator:69 - failed to save bounding box of way_ref=4822345
2016-05-12 21:33:48,385 ERROR BoundingBoxCalculator:69 - failed to save bounding box of way_ref=4822362
2016-05-12 21:33:48,394 ERROR BoundingBoxCalculator:69 - failed to save bounding box of way_ref=4825504
2016-05-12 21:33:48,405 ERROR BoundingBoxCalculator:69 - failed to save bounding box of way_ref=4843674
2016-05-12 21:33:48,416 ERROR BoundingBoxCalculator:69 - failed to save bounding box of way_ref=4843675
2016-05-12 21:33:48,491 ERROR BoundingBoxCalculator:69 - failed to save bounding box of way_ref=4844695
2016-05-12 21:33:48,503 ERROR BoundingBoxCalculator:69 - failed to save bounding box of way_ref=4844708
2016-05-12 21:33:48,516 ERROR BoundingBoxCalculator:69 - failed to save bounding box of way_ref=4845030
2016-05-12 21:33:48,567 ERROR BoundingBoxCalculator:69 - failed to save bounding box of way_ref=4845045
2016-05-12 21:33:48,579 ERROR BoundingBoxCalculator:69 - failed to save bounding box of way_ref=4845049
2016-05-12 21:33:48,592 ERROR BoundingBoxCalculator:69 - failed to save bounding box of way_ref=4845099
2016-05-12 21:33:48,604 ERROR BoundingBoxCalculator:69 - failed to save bounding box of way_ref=4845102
2016-05-12 21:33:48,654 ERROR BoundingBoxCalculator:69 - failed to save bounding box of way_ref=4857335
2016-05-12 21:33:48,664 ERROR BoundingBoxCalculator:69 - failed to save bounding box of way_ref=4857383
2016-05-12 21:33:48,672 ERROR BoundingBoxCalculator:69 - failed to save bounding box of way_ref=4908395
2016-05-12 21:33:48,679 ERROR BoundingBoxCalculator:69 - failed to save bounding box of way_ref=4908397
2016-05-12 21:33:48,745 ERROR BoundingBoxCalculator:69 - failed to save bounding box of way_ref=4908400
2016-05-12 21:33:48,759 ERROR BoundingBoxCalculator:69 - failed to save bounding box of way_ref=4908403
2016-05-12 21:33:48,770 ERROR BoundingBoxCalculator:69 - failed to save bounding box of way_ref=4922662
2016-05-12 21:33:48,782 ERROR BoundingBoxCalculator:69 - failed to save bounding box of way_ref=4928045
2016-05-12 21:33:48,844 ERROR BoundingBoxCalculator:69 - failed to save bounding box of way_ref=4928048
2016-05-12 21:33:48,891 ERROR BoundingBoxCalculator:69 - failed to save bounding box of way_ref=4931009
2016-05-12 21:33:48,904 ERROR BoundingBoxCalculator:69 - failed to save bounding box of way_ref=4931055
2016-05-12 21:33:48,920 ERROR BoundingBoxCalculator:69 - failed to save bounding box of way_ref=4931136
2016-05-12 21:33:48,975 ERROR BoundingBoxCalculator:69 - failed to save bounding box of way_ref=4931137
2016-05-12 21:33:48,989 ERROR BoundingBoxCalculator:69 - failed to save bounding box of way_ref=4931224
2016-05-12 21:33:48,997 ERROR BoundingBoxCalculator:69 - failed to save bounding box of way_ref=4931240
2016-05-12 21:33:49,007 ERROR BoundingBoxCalculator:69 - failed to save bounding box of way_ref=4947938
2016-05-12 21:33:49,023 ERROR BoundingBoxCalculator:69 - failed to save bounding box of way_ref=4964849
2016-05-12 21:33:49,081 ERROR BoundingBoxCalculator:69 - failed to save bounding box of way_ref=4964850
2016-05-12 21:33:49,093 ERROR BoundingBoxCalculator:69 - failed to save bounding box of way_ref=4974227
2016-05-12 21:33:49,108 ERROR BoundingBoxCalculator:69 - failed to save bounding box of way_ref=4974233
2016-05-12 21:33:49,119 ERROR BoundingBoxCalculator:69 - failed to save bounding box of way_ref=5135877
2016-05-12 21:33:49,140 ERROR BoundingBoxCalculator:69 - failed to save bounding box of way_ref=5135894
2016-05-12 21:33:49,149 ERROR BoundingBoxCalculator:69 - failed to save bounding box of way_ref=5135897
2016-05-12 21:33:49,163 ERROR BoundingBoxCalculator:69 - failed to save bounding box of way_ref=5135903
2016-05-12 21:33:49,178 ERROR BoundingBoxCalculator:69 - failed to save bounding box of way_ref=5158566
2016-05-12 21:33:49,191 ERROR BoundingBoxCalculator:69 - failed to save bounding box of way_ref=5168718
2016-05-12 21:33:49,204 ERROR BoundingBoxCalculator:69 - failed to save bounding box of way_ref=5168726
2016-05-12 21:33:49,216 ERROR BoundingBoxCalculator:69 - failed to save bounding box of way_ref=5168733
2016-05-12 21:33:49,225 ERROR BoundingBoxCalculator:69 - failed to save bounding box of way_ref=5168864
2016-05-12 21:33:49,279 ERROR BoundingBoxCalculator:69 - failed to save bounding box of way_ref=5168931
2016-05-12 21:33:49,291 ERROR BoundingBoxCalculator:69 - failed to save bounding box of way_ref=5168969
2016-05-12 21:33:49,307 ERROR BoundingBoxCalculator:69 - failed to save bounding box of way_ref=5168984
2016-05-12 21:33:49,328 ERROR BoundingBoxCalculator:69 - failed to save bounding box of way_ref=5168995
2016-05-12 21:33:49,377 ERROR BoundingBoxCalculator:69 - failed to save bounding box of way_ref=5169015
2016-05-12 21:33:49,388 ERROR BoundingBoxCalculator:69 - failed to save bounding box of way_ref=5169058
2016-05-12 21:33:49,400 ERROR BoundingBoxCalculator:69 - failed to save bounding box of way_ref=5169081
2016-05-12 21:33:49,412 ERROR BoundingBoxCalculator:69 - failed to save bounding box of way_ref=5169097
2016-05-12 21:33:49,427 ERROR BoundingBoxCalculator:69 - failed to save bounding box of way_ref=5169113
2016-05-12 21:33:49,483 ERROR BoundingBoxCalculator:69 - failed to save bounding box of way_ref=5169116
2016-05-12 21:33:49,496 ERROR BoundingBoxCalculator:69 - failed to save bounding box of way_ref=5169171
2016-05-12 21:33:49,505 ERROR BoundingBoxCalculator:69 - failed to save bounding box of way_ref=5202870
2016-05-12 21:33:49,520 ERROR BoundingBoxCalculator:69 - failed to save bounding box of way_ref=5202950
2016-05-12 21:33:49,532 ERROR BoundingBoxCalculator:69 - failed to save bounding box of way_ref=5212290
2016-05-12 21:33:49,586 ERROR BoundingBoxCalculator:69 - failed to save bounding box of way_ref=5212775
2016-05-12 21:33:49,595 ERROR BoundingBoxCalculator:69 - failed to save bounding box of way_ref=5217861
2016-05-12 21:33:49,605 ERROR BoundingBoxCalculator:69 - failed to save bounding box of way_ref=5217964
2016-05-12 21:33:49,613 ERROR BoundingBoxCalculator:69 - failed to save bounding box of way_ref=5217979
2016-05-12 21:33:49,672 ERROR BoundingBoxCalculator:69 - failed to save bounding box of way_ref=5218028
2016-05-12 21:33:49,681 ERROR BoundingBoxCalculator:69 - failed to save bounding box of way_ref=5218029
2016-05-12 21:33:49,696 ERROR BoundingBoxCalculator:69 - failed to save bounding box of way_ref=5218038
2016-05-12 21:33:49,711 ERROR BoundingBoxCalculator:69 - failed to save bounding box of way_ref=5218054
2016-05-12 21:33:49,760 ERROR BoundingBoxCalculator:69 - failed to save bounding box of way_ref=8365687
2016-05-12 21:33:49,772 ERROR BoundingBoxCalculator:69 - failed to save bounding box of way_ref=8365690
2016-05-12 21:33:49,785 ERROR BoundingBoxCalculator:69 - failed to save bounding box of way_ref=8365693
2016-05-12 21:33:49,840 ERROR BoundingBoxCalculator:69 - failed to save bounding box of way_ref=8365697
2016-05-12 21:33:49,850 ERROR BoundingBoxCalculator:69 - failed to save bounding box of way_ref=8397826
2016-05-12 21:33:49,864 ERROR BoundingBoxCalculator:69 - failed to save bounding box of way_ref=8861304
2016-05-12 21:33:49,913 ERROR BoundingBoxCalculator:69 - failed to save bounding box of way_ref=8861571
2016-05-12 21:33:49,925 ERROR BoundingBoxCalculator:69 - failed to save bounding box of way_ref=8868032
2016-05-12 21:33:49,934 ERROR BoundingBoxCalculator:69 - failed to save bounding box of way_ref=8868056
2016-05-12 21:33:49,947 ERROR BoundingBoxCalculator:69 - failed to save bounding box of way_ref=8868091
2016-05-12 21:33:49,958 ERROR BoundingBoxCalculator:69 - failed to save bounding box of way_ref=8869519
2016-05-12 21:33:49,969 ERROR BoundingBoxCalculator:69 - failed to save bounding box of way_ref=9476038
2016-05-12 21:33:49,980 ERROR BoundingBoxCalculator:69 - failed to save bounding box of way_ref=9476046
2016-05-12 21:33:50,036 ERROR BoundingBoxCalculator:69 - failed to save bounding box of way_ref=9477031
2016-05-12 21:33:50,048 ERROR BoundingBoxCalculator:69 - failed to save bounding box of way_ref=9487828
2016-05-12 21:33:50,060 ERROR BoundingBoxCalculator:69 - failed to save bounding box of way_ref=9487840
2016-05-12 21:33:50,070 ERROR BoundingBoxCalculator:69 - failed to save bounding box of way_ref=9488290
2016-05-12 21:33:50,079 ERROR BoundingBoxCalculator:69 - failed to save bounding box of way_ref=9488333
2016-05-12 21:33:50,141 ERROR BoundingBoxCalculator:69 - failed to save bounding box of way_ref=9488387
2016-05-12 21:33:50,151 ERROR BoundingBoxCalculator:69 - failed to save bounding box of way_ref=9701147
2016-05-12 21:33:50,160 ERROR BoundingBoxCalculator:69 - failed to save bounding box of way_ref=9701854
2016-05-12 21:33:50,168 ERROR BoundingBoxCalculator:69 - failed to save bounding box of way_ref=9701938
2016-05-12 21:33:50,231 ERROR BoundingBoxCalculator:69 - failed to save bounding box of way_ref=9701977
2016-05-12 21:33:50,242 ERROR BoundingBoxCalculator:69 - failed to save bounding box of way_ref=9745798
2016-05-12 21:33:50,253 ERROR BoundingBoxCalculator:69 - failed to save bounding box of way_ref=9745904
2016-05-12 21:33:50,262 ERROR BoundingBoxCalculator:69 - failed to save bounding box of way_ref=9746850
2016-05-12 21:33:50,282 ERROR BoundingBoxCalculator:69 - failed to save bounding box of way_ref=9779240
2016-05-12 21:33:50,295 ERROR BoundingBoxCalculator:69 - failed to save bounding box of way_ref=9779352
2016-05-12 21:33:50,310 ERROR BoundingBoxCalculator:69 - failed to save bounding box of way_ref=9853311
2016-05-12 21:33:50,357 ERROR BoundingBoxCalculator:69 - failed to save bounding box of way_ref=9932203
2016-05-12 21:33:50,372 ERROR BoundingBoxCalculator:69 - failed to save bounding box of way_ref=10496445
2016-05-12 21:33:50,417 ERROR BoundingBoxCalculator:69 - failed to save bounding box of way_ref=11313750
2016-05-12 21:33:50,433 ERROR BoundingBoxCalculator:69 - failed to save bounding box of way_ref=11315378
2016-05-12 21:33:50,444 ERROR BoundingBoxCalculator:69 - failed to save bounding box of way_ref=11315578
2016-05-12 21:33:50,496 ERROR BoundingBoxCalculator:69 - failed to save bounding box of way_ref=13433115
2016-05-12 21:33:50,507 ERROR BoundingBoxCalculator:69 - failed to save bounding box of way_ref=13514983
2016-05-12 21:33:50,517 ERROR BoundingBoxCalculator:69 - failed to save bounding box of way_ref=13740601
2016-05-12 21:33:50,566 ERROR BoundingBoxCalculator:69 - failed to save bounding box of way_ref=14347213
2016-05-12 21:33:50,578 ERROR BoundingBoxCalculator:69 - failed to save bounding box of way_ref=16266662
2016-05-12 21:33:50,587 ERROR BoundingBoxCalculator:69 - failed to save bounding box of way_ref=21654620
2016-05-12 21:33:50,598 ERROR BoundingBoxCalculator:69 - failed to save bounding box of way_ref=21804783
2016-05-12 21:33:50,614 ERROR BoundingBoxCalculator:69 - failed to save bounding box of way_ref=22067184
2016-05-12 21:33:50,668 ERROR BoundingBoxCalculator:69 - failed to save bounding box of way_ref=22067192
2016-05-12 21:33:50,680 ERROR BoundingBoxCalculator:69 - failed to save bounding box of way_ref=22069891
2016-05-12 21:33:50,690 ERROR BoundingBoxCalculator:69 - failed to save bounding box of way_ref=22072334
2016-05-12 21:33:50,706 ERROR BoundingBoxCalculator:69 - failed to save bounding box of way_ref=22270614
2016-05-12 21:33:50,719 ERROR BoundingBoxCalculator:69 - failed to save bounding box of way_ref=22270615
2016-05-12 21:33:50,765 ERROR BoundingBoxCalculator:69 - failed to save bounding box of way_ref=22270616
2016-05-12 21:33:50,776 ERROR BoundingBoxCalculator:69 - failed to save bounding box of way_ref=22758748
2016-05-12 21:33:50,788 ERROR BoundingBoxCalculator:69 - failed to save bounding box of way_ref=22759944
2016-05-12 21:33:50,799 ERROR BoundingBoxCalculator:69 - failed to save bounding box of way_ref=22760069
2016-05-12 21:33:50,863 ERROR BoundingBoxCalculator:69 - failed to save bounding box of way_ref=22770846
2016-05-12 21:33:50,876 ERROR BoundingBoxCalculator:69 - failed to save bounding box of way_ref=22771867
2016-05-12 21:33:50,888 ERROR BoundingBoxCalculator:69 - failed to save bounding box of way_ref=22787859
2016-05-12 21:33:50,901 ERROR BoundingBoxCalculator:69 - failed to save bounding box of way_ref=22787927
2016-05-12 21:33:50,912 ERROR BoundingBoxCalculator:69 - failed to save bounding box of way_ref=22787938
2016-05-12 21:33:50,921 ERROR BoundingBoxCalculator:69 - failed to save bounding box of way_ref=22787948
2016-05-12 21:33:50,978 ERROR BoundingBoxCalculator:69 - failed to save bounding box of way_ref=22787951
2016-05-12 21:33:50,987 ERROR BoundingBoxCalculator:69 - failed to save bounding box of way_ref=22787963
2016-05-12 21:33:50,995 ERROR BoundingBoxCalculator:69 - failed to save bounding box of way_ref=22787998
2016-05-12 21:33:51,003 ERROR BoundingBoxCalculator:69 - failed to save bounding box of way_ref=22788119
2016-05-12 21:33:51,070 ERROR BoundingBoxCalculator:69 - failed to save bounding box of way_ref=22788195
2016-05-12 21:33:51,084 ERROR BoundingBoxCalculator:69 - failed to save bounding box of way_ref=22788539
2016-05-12 21:35:04,523 INFO  App:22 - app launch.
2016-05-12 21:35:04,531 INFO  App:32 - calculate bounding box... 
2016-05-12 21:35:04,541 INFO  BoundingBoxCalculator:44 - start calculating...
2016-05-12 21:35:04,542 INFO  BoundingBoxCalculator:46 - calculating relation bounding box...
2016-05-12 21:35:04,595 INFO  MLog:80 - MLog clients using log4j logging.
2016-05-12 21:35:04,981 INFO  C3P0Registry:204 - Initializing c3p0-0.9.1.2 [built 21-May-2007 15:04:56; debug? true; trace: 10]
2016-05-12 21:35:05,129 INFO  AbstractPoolBackedDataSource:462 - Initializing c3p0 pool... com.mchange.v2.c3p0.ComboPooledDataSource [ acquireIncrement -> 3, acquireRetryAttempts -> 30, acquireRetryDelay -> 1000, autoCommitOnClose -> false, automaticTestTable -> null, breakAfterAcquireFailure -> false, checkoutTimeout -> 0, connectionCustomizerClassName -> null, connectionTesterClassName -> com.mchange.v2.c3p0.impl.DefaultConnectionTester, dataSourceName -> 1hgeiv59g19twy5296ysn6|4a52ec, debugUnreturnedConnectionStackTraces -> false, description -> null, driverClass -> org.postgresql.Driver, factoryClassLocation -> null, forceIgnoreUnresolvedTransactions -> false, identityToken -> 1hgeiv59g19twy5296ysn6|4a52ec, idleConnectionTestPeriod -> 0, initialPoolSize -> 3, jdbcUrl -> jdbc:postgresql://192.168.91.129:5432/osm, maxAdministrativeTaskTime -> 0, maxConnectionAge -> 0, maxIdleTime -> 0, maxIdleTimeExcessConnections -> 0, maxPoolSize -> 15, maxStatements -> 0, maxStatementsPerConnection -> 0, minPoolSize -> 3, numHelperThreads -> 3, numThreadsAwaitingCheckoutDefaultUser -> 0, preferredTestQuery -> null, properties -> {user=******, password=******}, propertyCycle -> 0, testConnectionOnCheckin -> false, testConnectionOnCheckout -> false, unreturnedConnectionTimeout -> 0, usesTraditionalReflectiveProxies -> false ]
2016-05-12 21:35:32,918 INFO  BoundingBoxCalculator:58 - calculate relation bounding box completed.
2016-05-12 21:35:37,309 INFO  BoundingBoxCalculator:60 - calculating way bounding box...
